{
  "RSpec": {
    "coverage": {
      "/myproject/app/controllers/favorite_relationships_controller.rb": {
        "lines": [
          1,
          1,
          null,
          1,
          3,
          3,
          3,
          null,
          3,
          3,
          5,
          3,
          null,
          null,
          null,
          1,
          2,
          2,
          2,
          2,
          3,
          2,
          null,
          null,
          null
        ]
      },
      "/myproject/app/controllers/application_controller.rb": {
        "lines": [
          1,
          1,
          1,
          null,
          1,
          null,
          null,
          1,
          79,
          null,
          26,
          26,
          null,
          26,
          null,
          null
        ]
      },
      "/myproject/app/controllers/follow_relationships_controller.rb": {
        "lines": [
          1,
          1,
          2,
          2,
          null,
          2,
          2,
          3,
          2,
          null,
          null,
          null,
          1,
          1,
          1,
          1,
          1,
          1,
          null,
          null,
          null
        ]
      },
      "/myproject/app/controllers/microposts_controller.rb": {
        "lines": [
          1,
          1,
          1,
          1,
          null,
          1,
          6,
          null,
          null,
          1,
          26,
          26,
          null,
          null,
          1,
          3,
          3,
          3,
          2,
          2,
          2,
          null,
          0,
          0,
          0,
          null,
          null,
          1,
          1,
          null,
          null,
          null,
          1,
          3,
          3,
          3,
          null,
          null,
          1,
          5,
          5,
          null,
          null,
          1,
          3,
          3,
          3,
          2,
          2,
          2,
          null,
          0,
          0,
          0,
          null,
          null,
          1,
          1,
          null,
          null,
          null,
          1,
          null,
          1,
          6,
          null,
          null,
          1,
          15,
          15,
          null,
          null
        ]
      },
      "/myproject/app/controllers/concerns/comment_actions.rb": {
        "lines": [
          1,
          1,
          null,
          1,
          27,
          27,
          27,
          null,
          null
        ]
      },
      "/myproject/app/controllers/notifications_controller.rb": {
        "lines": [
          1,
          1,
          3,
          null,
          3,
          1,
          null,
          null,
          null,
          1,
          1,
          1,
          null,
          null
        ]
      },
      "/myproject/app/controllers/static_pages_controller.rb": {
        "lines": [
          1,
          1,
          87,
          2,
          85,
          6,
          null,
          79,
          null,
          87,
          null,
          null
        ]
      },
      "/myproject/app/controllers/users_controller.rb": {
        "lines": [
          1,
          1,
          1,
          1,
          1,
          null,
          5,
          null,
          null,
          1,
          4,
          4,
          3,
          3,
          3,
          null,
          1,
          null,
          null,
          null,
          1,
          64,
          64,
          64,
          null,
          null,
          1,
          2,
          null,
          null,
          1,
          2,
          2,
          2,
          2,
          null,
          0,
          null,
          null,
          null,
          1,
          8,
          8,
          8,
          null,
          null,
          1,
          null,
          1,
          2,
          2,
          null,
          null,
          1,
          0,
          0,
          null,
          null,
          1,
          0,
          0,
          null,
          null,
          1,
          0,
          null,
          null,
          null,
          1,
          null,
          1,
          6,
          null,
          null,
          null,
          null,
          1,
          5,
          5,
          null,
          null,
          null,
          1,
          0,
          null,
          null,
          null,
          1,
          6,
          6,
          null,
          null,
          null,
          1,
          10,
          null,
          null
        ]
      },
      "/myproject/app/models/comment.rb": {
        "lines": [
          1,
          1,
          1,
          1,
          null,
          1,
          1,
          1,
          null
        ]
      },
      "/myproject/app/models/application_record.rb": {
        "lines": [
          1,
          1,
          null
        ]
      },
      "/myproject/app/models/favorite_relationship.rb": {
        "lines": [
          1,
          1,
          1,
          1,
          1,
          1,
          null
        ]
      },
      "/myproject/app/models/follow_relationship.rb": {
        "lines": [
          1,
          1,
          1,
          null,
          1,
          1,
          1,
          null
        ]
      },
      "/myproject/app/models/micropost.rb": {
        "lines": [
          1,
          1,
          1,
          1,
          1,
          1,
          1,
          1,
          681,
          1,
          1,
          1,
          1,
          1,
          1,
          null,
          null,
          1,
          4,
          4,
          4,
          null,
          4,
          3,
          3,
          null,
          3,
          null,
          null,
          4,
          0,
          null,
          null,
          null,
          null,
          1,
          6,
          null,
          null,
          null,
          null,
          1,
          3,
          null,
          3,
          null,
          3,
          null,
          null,
          null,
          null,
          null,
          3,
          3,
          null,
          null,
          1,
          null,
          4,
          null,
          4,
          1,
          null,
          null,
          4,
          null,
          null,
          1,
          5,
          null,
          null,
          null,
          null,
          null,
          5,
          5,
          null,
          null,
          1,
          null,
          null,
          1,
          109,
          null,
          null
        ]
      },
      "/myproject/app/uploaders/picture_uploader.rb": {
        "lines": [
          1,
          null,
          null,
          null,
          1,
          1,
          null,
          null,
          1,
          0,
          1,
          1,
          null,
          0,
          null,
          null,
          null,
          1,
          188,
          null,
          null,
          null,
          null,
          null,
          null,
          null,
          null,
          null,
          null,
          null,
          null,
          null,
          null,
          null,
          null,
          null,
          null,
          null,
          null,
          null,
          null,
          null,
          null,
          null,
          null,
          1,
          200,
          null,
          null,
          null,
          null,
          null,
          null,
          null,
          null
        ]
      },
      "/myproject/app/models/notification.rb": {
        "lines": [
          1,
          328,
          1,
          1,
          1,
          1,
          null,
          1,
          1,
          1,
          1,
          1,
          null
        ]
      },
      "/myproject/app/models/tag_relationship.rb": {
        "lines": [
          1,
          1,
          1,
          1,
          1,
          1,
          null
        ]
      },
      "/myproject/app/models/tag.rb": {
        "lines": [
          1,
          1,
          1,
          null,
          1,
          null
        ]
      },
      "/myproject/app/models/user.rb": {
        "lines": [
          1,
          1,
          1,
          1,
          1,
          null,
          1,
          1,
          1,
          1,
          1,
          1,
          null,
          243,
          null,
          null,
          1,
          null,
          null,
          1,
          null,
          null,
          null,
          1,
          null,
          null,
          null,
          null,
          1,
          null,
          null,
          1,
          null,
          1,
          0,
          null,
          null,
          null,
          1,
          3,
          null,
          null,
          null,
          1,
          2,
          null,
          null,
          null,
          1,
          0,
          null,
          null,
          null,
          1,
          8,
          null,
          null,
          null,
          1,
          2,
          null,
          null,
          null,
          1,
          1,
          null,
          null,
          1,
          null,
          2,
          2,
          null,
          2,
          null,
          null,
          null,
          2,
          null,
          null,
          null,
          1,
          0,
          0,
          null,
          null,
          null
        ]
      },
      "/myproject/app/controllers/comments_controller.rb": {
        "lines": [
          1,
          1,
          1,
          1,
          null,
          1,
          5,
          5,
          5,
          4,
          null,
          4,
          4,
          null,
          4,
          null,
          1,
          1,
          null,
          null,
          null,
          1,
          2,
          2,
          2,
          null,
          null,
          1,
          null,
          1,
          5,
          null,
          null,
          1,
          2,
          2,
          null,
          null
        ]
      },
      "/myproject/app/controllers/sessions_controller.rb": {
        "lines": [
          1,
          1,
          null,
          1,
          43,
          43,
          42,
          42,
          42,
          null,
          1,
          1,
          null,
          null,
          null,
          1,
          4,
          4,
          4,
          null,
          null
        ]
      },
      "/myproject/app/mailers/application_mailer.rb": {
        "lines": [
          0,
          0,
          0,
          0
        ],
        "branches": {
        }
      },
      "/myproject/app/jobs/application_job.rb": {
        "lines": [
          0,
          0
        ],
        "branches": {
        }
      },
      "/myproject/app/helpers/comments_helper.rb": {
        "lines": [
          0,
          0
        ],
        "branches": {
        }
      },
      "/myproject/app/helpers/follow_relationships_helper.rb": {
        "lines": [
          0,
          0
        ],
        "branches": {
        }
      },
      "/myproject/app/helpers/static_pages_helper.rb": {
        "lines": [
          0,
          0
        ],
        "branches": {
        }
      },
      "/myproject/app/helpers/notifications_helper.rb": {
        "lines": [
          0,
          0,
          null,
          0,
          null,
          0,
          0,
          null,
          0,
          0,
          null,
          0,
          0,
          0,
          0,
          null,
          0,
          0,
          0,
          0,
          0,
          0,
          null,
          null,
          0,
          0,
          0,
          0
        ],
        "branches": {
        }
      },
      "/myproject/app/helpers/users_helper.rb": {
        "lines": [
          0,
          0
        ],
        "branches": {
        }
      },
      "/myproject/app/helpers/likes_helper.rb": {
        "lines": [
          0,
          0
        ],
        "branches": {
        }
      },
      "/myproject/app/helpers/sessions_helper.rb": {
        "lines": [
          0,
          null,
          0,
          0,
          0,
          null,
          null,
          0,
          0,
          0,
          null,
          null,
          0,
          0,
          null,
          0,
          0,
          0,
          null,
          null,
          0,
          0,
          0,
          null,
          null,
          0,
          0,
          0,
          null,
          0,
          0,
          0,
          0,
          null,
          0,
          0,
          0,
          0,
          null,
          0,
          0,
          0,
          0
        ],
        "branches": {
        }
      },
      "/myproject/app/helpers/favorite_relationships_helper.rb": {
        "lines": [
          0,
          0
        ],
        "branches": {
        }
      },
      "/myproject/app/helpers/microposts_helper.rb": {
        "lines": [
          0,
          0
        ],
        "branches": {
        }
      },
      "/myproject/app/helpers/application_helper.rb": {
        "lines": [
          0,
          0,
          0,
          0,
          0,
          0,
          0,
          0,
          0,
          0
        ],
        "branches": {
        }
      },
      "/myproject/app/channels/application_cable/connection.rb": {
        "lines": [
          0,
          0,
          0,
          0
        ],
        "branches": {
        }
      },
      "/myproject/app/channels/application_cable/channel.rb": {
        "lines": [
          0,
          0,
          0,
          0
        ],
        "branches": {
        }
      }
    },
    "timestamp": 1586954808
  }
}
